{"/Users/phuonguyennguyen/Documents/UH_classes/COSC4353/4353QueueSystem/backend/server.js": {"path":"/Users/phuonguyennguyen/Documents/UH_classes/COSC4353/4353QueueSystem/backend/server.js","statementMap":{"0":{"start":{"line":1,"column":16},"end":{"line":1,"column":34}},"1":{"start":{"line":2,"column":13},"end":{"line":2,"column":28}},"2":{"start":{"line":4,"column":20},"end":{"line":4,"column":45}},"3":{"start":{"line":5,"column":20},"end":{"line":5,"column":45}},"4":{"start":{"line":7,"column":12},"end":{"line":7,"column":21}},"5":{"start":{"line":9,"column":0},"end":{"line":9,"column":16}},"6":{"start":{"line":10,"column":0},"end":{"line":10,"column":24}},"7":{"start":{"line":12,"column":0},"end":{"line":12,"column":21}},"8":{"start":{"line":13,"column":0},"end":{"line":13,"column":21}},"9":{"start":{"line":19,"column":13},"end":{"line":19,"column":37}},"10":{"start":{"line":21,"column":0},"end":{"line":25,"column":1}},"11":{"start":{"line":22,"column":2},"end":{"line":24,"column":5}},"12":{"start":{"line":23,"column":4},"end":{"line":23,"column":62}},"13":{"start":{"line":27,"column":0},"end":{"line":27,"column":21}}},"fnMap":{"0":{"name":"(anonymous_0)","decl":{"start":{"line":22,"column":19},"end":{"line":22,"column":20}},"loc":{"start":{"line":22,"column":25},"end":{"line":24,"column":3}},"line":22}},"branchMap":{"0":{"loc":{"start":{"line":19,"column":13},"end":{"line":19,"column":37}},"type":"binary-expr","locations":[{"start":{"line":19,"column":13},"end":{"line":19,"column":29}},{"start":{"line":19,"column":33},"end":{"line":19,"column":37}}],"line":19},"1":{"loc":{"start":{"line":21,"column":0},"end":{"line":25,"column":1}},"type":"if","locations":[{"start":{"line":21,"column":0},"end":{"line":25,"column":1}},{"start":{},"end":{}}],"line":21}},"s":{"0":1,"1":1,"2":1,"3":1,"4":1,"5":1,"6":1,"7":1,"8":1,"9":1,"10":1,"11":0,"12":0,"13":1},"f":{"0":0},"b":{"0":[1,1],"1":[0,1]},"_coverageSchema":"1a1c01bbd47fc00a2c39e90264f33305004495a9","hash":"59106b594cc300080ebfc88024d819894319c417"}
,"/Users/phuonguyennguyen/Documents/UH_classes/COSC4353/4353QueueSystem/backend/store.js": {"path":"/Users/phuonguyennguyen/Documents/UH_classes/COSC4353/4353QueueSystem/backend/store.js","statementMap":{"0":{"start":{"line":4,"column":14},"end":{"line":42,"column":1}},"1":{"start":{"line":44,"column":0},"end":{"line":44,"column":23}}},"fnMap":{},"branchMap":{},"s":{"0":1,"1":1},"f":{},"b":{},"_coverageSchema":"1a1c01bbd47fc00a2c39e90264f33305004495a9","hash":"8485570655ad77fad7e56f701743343397a30055"}
,"/Users/phuonguyennguyen/Documents/UH_classes/COSC4353/4353QueueSystem/backend/routes/admin.js": {"path":"/Users/phuonguyennguyen/Documents/UH_classes/COSC4353/4353QueueSystem/backend/routes/admin.js","statementMap":{"0":{"start":{"line":1,"column":16},"end":{"line":1,"column":34}},"1":{"start":{"line":2,"column":14},"end":{"line":2,"column":33}},"2":{"start":{"line":4,"column":15},"end":{"line":4,"column":31}},"3":{"start":{"line":6,"column":25},"end":{"line":6,"column":57}},"4":{"start":{"line":7,"column":21},"end":{"line":7,"column":22}},"5":{"start":{"line":10,"column":16},"end":{"line":10,"column":73}},"6":{"start":{"line":11,"column":1},"end":{"line":11,"column":65}},"7":{"start":{"line":15,"column":1},"end":{"line":15,"column":58}},"8":{"start":{"line":15,"column":30},"end":{"line":15,"column":58}},"9":{"start":{"line":16,"column":1},"end":{"line":26,"column":4}},"10":{"start":{"line":17,"column":2},"end":{"line":24,"column":3}},"11":{"start":{"line":18,"column":3},"end":{"line":23,"column":5}},"12":{"start":{"line":25,"column":2},"end":{"line":25,"column":15}},"13":{"start":{"line":30,"column":17},"end":{"line":30,"column":46}},"14":{"start":{"line":31,"column":1},"end":{"line":36,"column":4}},"15":{"start":{"line":32,"column":17},"end":{"line":32,"column":38}},"16":{"start":{"line":33,"column":17},"end":{"line":33,"column":38}},"17":{"start":{"line":34,"column":2},"end":{"line":34,"column":48}},"18":{"start":{"line":34,"column":25},"end":{"line":34,"column":48}},"19":{"start":{"line":35,"column":2},"end":{"line":35,"column":53}},"20":{"start":{"line":41,"column":0},"end":{"line":62,"column":3}},"21":{"start":{"line":42,"column":18},"end":{"line":42,"column":32}},"22":{"start":{"line":43,"column":17},"end":{"line":43,"column":30}},"23":{"start":{"line":45,"column":22},"end":{"line":45,"column":87}},"24":{"start":{"line":45,"column":50},"end":{"line":45,"column":83}},"25":{"start":{"line":46,"column":19},"end":{"line":46,"column":56}},"26":{"start":{"line":46,"column":42},"end":{"line":46,"column":48}},"27":{"start":{"line":47,"column":21},"end":{"line":47,"column":48}},"28":{"start":{"line":49,"column":21},"end":{"line":53,"column":10}},"29":{"start":{"line":50,"column":12},"end":{"line":50,"column":28}},"30":{"start":{"line":51,"column":14},"end":{"line":51,"column":24}},"31":{"start":{"line":52,"column":2},"end":{"line":52,"column":49}},"32":{"start":{"line":55,"column":1},"end":{"line":61,"column":4}},"33":{"start":{"line":66,"column":0},"end":{"line":68,"column":3}},"34":{"start":{"line":67,"column":1},"end":{"line":67,"column":50}},"35":{"start":{"line":72,"column":0},"end":{"line":78,"column":3}},"36":{"start":{"line":73,"column":1},"end":{"line":75,"column":4}},"37":{"start":{"line":74,"column":2},"end":{"line":74,"column":16}},"38":{"start":{"line":77,"column":1},"end":{"line":77,"column":48}},"39":{"start":{"line":80,"column":0},"end":{"line":80,"column":24}}},"fnMap":{"0":{"name":"calcEffectiveScore","decl":{"start":{"line":9,"column":9},"end":{"line":9,"column":27}},"loc":{"start":{"line":9,"column":35},"end":{"line":12,"column":1}},"line":9},"1":{"name":"getQueueForService","decl":{"start":{"line":14,"column":9},"end":{"line":14,"column":27}},"loc":{"start":{"line":14,"column":39},"end":{"line":27,"column":1}},"line":14},"2":{"name":"(anonymous_2)","decl":{"start":{"line":16,"column":35},"end":{"line":16,"column":36}},"loc":{"start":{"line":16,"column":46},"end":{"line":26,"column":2}},"line":16},"3":{"name":"getSortedQueue","decl":{"start":{"line":29,"column":9},"end":{"line":29,"column":23}},"loc":{"start":{"line":29,"column":35},"end":{"line":37,"column":1}},"line":29},"4":{"name":"(anonymous_4)","decl":{"start":{"line":31,"column":26},"end":{"line":31,"column":27}},"loc":{"start":{"line":31,"column":36},"end":{"line":36,"column":2}},"line":31},"5":{"name":"(anonymous_5)","decl":{"start":{"line":41,"column":31},"end":{"line":41,"column":32}},"loc":{"start":{"line":41,"column":46},"end":{"line":62,"column":1}},"line":41},"6":{"name":"(anonymous_6)","decl":{"start":{"line":45,"column":38},"end":{"line":45,"column":39}},"loc":{"start":{"line":45,"column":50},"end":{"line":45,"column":83}},"line":45},"7":{"name":"(anonymous_7)","decl":{"start":{"line":46,"column":35},"end":{"line":46,"column":36}},"loc":{"start":{"line":46,"column":42},"end":{"line":46,"column":48}},"line":46},"8":{"name":"(anonymous_8)","decl":{"start":{"line":49,"column":36},"end":{"line":49,"column":37}},"loc":{"start":{"line":49,"column":43},"end":{"line":53,"column":2}},"line":49},"9":{"name":"(anonymous_9)","decl":{"start":{"line":66,"column":33},"end":{"line":66,"column":34}},"loc":{"start":{"line":66,"column":48},"end":{"line":68,"column":1}},"line":66},"10":{"name":"(anonymous_10)","decl":{"start":{"line":72,"column":38},"end":{"line":72,"column":39}},"loc":{"start":{"line":72,"column":53},"end":{"line":78,"column":1}},"line":72},"11":{"name":"(anonymous_11)","decl":{"start":{"line":73,"column":29},"end":{"line":73,"column":30}},"loc":{"start":{"line":73,"column":36},"end":{"line":75,"column":2}},"line":73}},"branchMap":{"0":{"loc":{"start":{"line":15,"column":1},"end":{"line":15,"column":58}},"type":"if","locations":[{"start":{"line":15,"column":1},"end":{"line":15,"column":58}},{"start":{},"end":{}}],"line":15},"1":{"loc":{"start":{"line":17,"column":2},"end":{"line":24,"column":3}},"type":"if","locations":[{"start":{"line":17,"column":2},"end":{"line":24,"column":3}},{"start":{},"end":{}}],"line":17},"2":{"loc":{"start":{"line":34,"column":2},"end":{"line":34,"column":48}},"type":"if","locations":[{"start":{"line":34,"column":2},"end":{"line":34,"column":48}},{"start":{},"end":{}}],"line":34}},"s":{"0":1,"1":1,"2":1,"3":1,"4":1,"5":0,"6":0,"7":0,"8":0,"9":0,"10":0,"11":0,"12":0,"13":0,"14":0,"15":0,"16":0,"17":0,"18":0,"19":0,"20":1,"21":0,"22":0,"23":0,"24":0,"25":0,"26":0,"27":0,"28":0,"29":0,"30":0,"31":0,"32":0,"33":1,"34":0,"35":1,"36":0,"37":0,"38":0,"39":1},"f":{"0":0,"1":0,"2":0,"3":0,"4":0,"5":0,"6":0,"7":0,"8":0,"9":0,"10":0,"11":0},"b":{"0":[0,0],"1":[0,0],"2":[0,0]},"_coverageSchema":"1a1c01bbd47fc00a2c39e90264f33305004495a9","hash":"a74ade30209275756533052da49da2d9b6290d3f"}
,"/Users/phuonguyennguyen/Documents/UH_classes/COSC4353/4353QueueSystem/backend/routes/queue.js": {"path":"/Users/phuonguyennguyen/Documents/UH_classes/COSC4353/4353QueueSystem/backend/routes/queue.js","statementMap":{"0":{"start":{"line":1,"column":16},"end":{"line":1,"column":34}},"1":{"start":{"line":2,"column":14},"end":{"line":2,"column":33}},"2":{"start":{"line":4,"column":15},"end":{"line":4,"column":31}},"3":{"start":{"line":6,"column":25},"end":{"line":6,"column":57}},"4":{"start":{"line":7,"column":21},"end":{"line":7,"column":22}},"5":{"start":{"line":10,"column":1},"end":{"line":14,"column":4}},"6":{"start":{"line":18,"column":16},"end":{"line":18,"column":73}},"7":{"start":{"line":19,"column":1},"end":{"line":19,"column":65}},"8":{"start":{"line":23,"column":1},"end":{"line":23,"column":58}},"9":{"start":{"line":23,"column":30},"end":{"line":23,"column":58}},"10":{"start":{"line":24,"column":1},"end":{"line":34,"column":4}},"11":{"start":{"line":25,"column":2},"end":{"line":32,"column":3}},"12":{"start":{"line":26,"column":3},"end":{"line":31,"column":5}},"13":{"start":{"line":33,"column":2},"end":{"line":33,"column":15}},"14":{"start":{"line":38,"column":17},"end":{"line":38,"column":46}},"15":{"start":{"line":39,"column":1},"end":{"line":44,"column":4}},"16":{"start":{"line":40,"column":17},"end":{"line":40,"column":38}},"17":{"start":{"line":41,"column":17},"end":{"line":41,"column":38}},"18":{"start":{"line":42,"column":2},"end":{"line":42,"column":48}},"19":{"start":{"line":42,"column":25},"end":{"line":42,"column":48}},"20":{"start":{"line":43,"column":2},"end":{"line":43,"column":53}},"21":{"start":{"line":48,"column":0},"end":{"line":84,"column":3}},"22":{"start":{"line":49,"column":41},"end":{"line":49,"column":49}},"23":{"start":{"line":51,"column":1},"end":{"line":53,"column":2}},"24":{"start":{"line":52,"column":2},"end":{"line":52,"column":78}},"25":{"start":{"line":55,"column":13},"end":{"line":55,"column":59}},"26":{"start":{"line":55,"column":40},"end":{"line":55,"column":58}},"27":{"start":{"line":56,"column":1},"end":{"line":58,"column":2}},"28":{"start":{"line":57,"column":2},"end":{"line":57,"column":77}},"29":{"start":{"line":60,"column":1},"end":{"line":60,"column":58}},"30":{"start":{"line":60,"column":30},"end":{"line":60,"column":58}},"31":{"start":{"line":62,"column":24},"end":{"line":64,"column":2}},"32":{"start":{"line":63,"column":9},"end":{"line":63,"column":58}},"33":{"start":{"line":65,"column":1},"end":{"line":67,"column":2}},"34":{"start":{"line":66,"column":2},"end":{"line":66,"column":83}},"35":{"start":{"line":69,"column":14},"end":{"line":69,"column":54}},"36":{"start":{"line":69,"column":38},"end":{"line":69,"column":53}},"37":{"start":{"line":70,"column":15},"end":{"line":75,"column":2}},"38":{"start":{"line":77,"column":1},"end":{"line":77,"column":36}},"39":{"start":{"line":78,"column":1},"end":{"line":81,"column":4}},"40":{"start":{"line":83,"column":1},"end":{"line":83,"column":55}},"41":{"start":{"line":87,"column":0},"end":{"line":110,"column":3}},"42":{"start":{"line":88,"column":19},"end":{"line":88,"column":62}},"43":{"start":{"line":89,"column":16},"end":{"line":89,"column":53}},"44":{"start":{"line":91,"column":1},"end":{"line":93,"column":2}},"45":{"start":{"line":92,"column":2},"end":{"line":92,"column":78}},"46":{"start":{"line":95,"column":1},"end":{"line":97,"column":2}},"47":{"start":{"line":96,"column":2},"end":{"line":96,"column":49}},"48":{"start":{"line":99,"column":13},"end":{"line":99,"column":59}},"49":{"start":{"line":99,"column":40},"end":{"line":99,"column":58}},"50":{"start":{"line":100,"column":1},"end":{"line":102,"column":3}},"51":{"start":{"line":101,"column":9},"end":{"line":101,"column":58}},"52":{"start":{"line":104,"column":1},"end":{"line":107,"column":4}},"53":{"start":{"line":109,"column":1},"end":{"line":109,"column":48}},"54":{"start":{"line":113,"column":0},"end":{"line":140,"column":3}},"55":{"start":{"line":114,"column":20},"end":{"line":114,"column":29}},"56":{"start":{"line":115,"column":1},"end":{"line":117,"column":2}},"57":{"start":{"line":116,"column":2},"end":{"line":116,"column":63}},"58":{"start":{"line":119,"column":1},"end":{"line":137,"column":2}},"59":{"start":{"line":120,"column":17},"end":{"line":120,"column":42}},"60":{"start":{"line":121,"column":14},"end":{"line":121,"column":58}},"61":{"start":{"line":121,"column":38},"end":{"line":121,"column":57}},"62":{"start":{"line":123,"column":2},"end":{"line":136,"column":3}},"63":{"start":{"line":124,"column":17},"end":{"line":124,"column":28}},"64":{"start":{"line":125,"column":15},"end":{"line":125,"column":61}},"65":{"start":{"line":125,"column":42},"end":{"line":125,"column":60}},"66":{"start":{"line":126,"column":3},"end":{"line":135,"column":6}},"67":{"start":{"line":139,"column":1},"end":{"line":139,"column":35}},"68":{"start":{"line":143,"column":0},"end":{"line":151,"column":3}},"69":{"start":{"line":144,"column":20},"end":{"line":144,"column":29}},"70":{"start":{"line":145,"column":1},"end":{"line":147,"column":2}},"71":{"start":{"line":146,"column":2},"end":{"line":146,"column":63}},"72":{"start":{"line":149,"column":17},"end":{"line":149,"column":65}},"73":{"start":{"line":149,"column":45},"end":{"line":149,"column":64}},"74":{"start":{"line":150,"column":1},"end":{"line":150,"column":38}},"75":{"start":{"line":153,"column":0},"end":{"line":153,"column":24}}},"fnMap":{"0":{"name":"addNotif","decl":{"start":{"line":9,"column":9},"end":{"line":9,"column":17}},"loc":{"start":{"line":9,"column":32},"end":{"line":15,"column":1}},"line":9},"1":{"name":"calcEffectiveScore","decl":{"start":{"line":17,"column":9},"end":{"line":17,"column":27}},"loc":{"start":{"line":17,"column":35},"end":{"line":20,"column":1}},"line":17},"2":{"name":"getQueueForService","decl":{"start":{"line":22,"column":9},"end":{"line":22,"column":27}},"loc":{"start":{"line":22,"column":39},"end":{"line":35,"column":1}},"line":22},"3":{"name":"(anonymous_3)","decl":{"start":{"line":24,"column":35},"end":{"line":24,"column":36}},"loc":{"start":{"line":24,"column":46},"end":{"line":34,"column":2}},"line":24},"4":{"name":"getSortedQueue","decl":{"start":{"line":37,"column":9},"end":{"line":37,"column":23}},"loc":{"start":{"line":37,"column":35},"end":{"line":45,"column":1}},"line":37},"5":{"name":"(anonymous_5)","decl":{"start":{"line":39,"column":26},"end":{"line":39,"column":27}},"loc":{"start":{"line":39,"column":36},"end":{"line":44,"column":2}},"line":39},"6":{"name":"(anonymous_6)","decl":{"start":{"line":48,"column":31},"end":{"line":48,"column":32}},"loc":{"start":{"line":48,"column":45},"end":{"line":84,"column":1}},"line":48},"7":{"name":"(anonymous_7)","decl":{"start":{"line":55,"column":33},"end":{"line":55,"column":34}},"loc":{"start":{"line":55,"column":40},"end":{"line":55,"column":58}},"line":55},"8":{"name":"(anonymous_8)","decl":{"start":{"line":63,"column":2},"end":{"line":63,"column":3}},"loc":{"start":{"line":63,"column":9},"end":{"line":63,"column":58}},"line":63},"9":{"name":"(anonymous_9)","decl":{"start":{"line":69,"column":31},"end":{"line":69,"column":32}},"loc":{"start":{"line":69,"column":38},"end":{"line":69,"column":53}},"line":69},"10":{"name":"(anonymous_10)","decl":{"start":{"line":87,"column":34},"end":{"line":87,"column":35}},"loc":{"start":{"line":87,"column":48},"end":{"line":110,"column":1}},"line":87},"11":{"name":"(anonymous_11)","decl":{"start":{"line":99,"column":33},"end":{"line":99,"column":34}},"loc":{"start":{"line":99,"column":40},"end":{"line":99,"column":58}},"line":99},"12":{"name":"(anonymous_12)","decl":{"start":{"line":101,"column":2},"end":{"line":101,"column":3}},"loc":{"start":{"line":101,"column":9},"end":{"line":101,"column":58}},"line":101},"13":{"name":"(anonymous_13)","decl":{"start":{"line":113,"column":32},"end":{"line":113,"column":33}},"loc":{"start":{"line":113,"column":46},"end":{"line":140,"column":1}},"line":113},"14":{"name":"(anonymous_14)","decl":{"start":{"line":121,"column":31},"end":{"line":121,"column":32}},"loc":{"start":{"line":121,"column":38},"end":{"line":121,"column":57}},"line":121},"15":{"name":"(anonymous_15)","decl":{"start":{"line":125,"column":35},"end":{"line":125,"column":36}},"loc":{"start":{"line":125,"column":42},"end":{"line":125,"column":60}},"line":125},"16":{"name":"(anonymous_16)","decl":{"start":{"line":143,"column":27},"end":{"line":143,"column":28}},"loc":{"start":{"line":143,"column":41},"end":{"line":151,"column":1}},"line":143},"17":{"name":"(anonymous_17)","decl":{"start":{"line":149,"column":38},"end":{"line":149,"column":39}},"loc":{"start":{"line":149,"column":45},"end":{"line":149,"column":64}},"line":149}},"branchMap":{"0":{"loc":{"start":{"line":23,"column":1},"end":{"line":23,"column":58}},"type":"if","locations":[{"start":{"line":23,"column":1},"end":{"line":23,"column":58}},{"start":{},"end":{}}],"line":23},"1":{"loc":{"start":{"line":25,"column":2},"end":{"line":32,"column":3}},"type":"if","locations":[{"start":{"line":25,"column":2},"end":{"line":32,"column":3}},{"start":{},"end":{}}],"line":25},"2":{"loc":{"start":{"line":42,"column":2},"end":{"line":42,"column":48}},"type":"if","locations":[{"start":{"line":42,"column":2},"end":{"line":42,"column":48}},{"start":{},"end":{}}],"line":42},"3":{"loc":{"start":{"line":51,"column":1},"end":{"line":53,"column":2}},"type":"if","locations":[{"start":{"line":51,"column":1},"end":{"line":53,"column":2}},{"start":{},"end":{}}],"line":51},"4":{"loc":{"start":{"line":51,"column":5},"end":{"line":51,"column":26}},"type":"binary-expr","locations":[{"start":{"line":51,"column":5},"end":{"line":51,"column":15}},{"start":{"line":51,"column":19},"end":{"line":51,"column":26}}],"line":51},"5":{"loc":{"start":{"line":56,"column":1},"end":{"line":58,"column":2}},"type":"if","locations":[{"start":{"line":56,"column":1},"end":{"line":58,"column":2}},{"start":{},"end":{}}],"line":56},"6":{"loc":{"start":{"line":56,"column":5},"end":{"line":56,"column":21}},"type":"binary-expr","locations":[{"start":{"line":56,"column":5},"end":{"line":56,"column":8}},{"start":{"line":56,"column":12},"end":{"line":56,"column":21}}],"line":56},"7":{"loc":{"start":{"line":60,"column":1},"end":{"line":60,"column":58}},"type":"if","locations":[{"start":{"line":60,"column":1},"end":{"line":60,"column":58}},{"start":{},"end":{}}],"line":60},"8":{"loc":{"start":{"line":63,"column":10},"end":{"line":63,"column":46}},"type":"cond-expr","locations":[{"start":{"line":63,"column":34},"end":{"line":63,"column":35}},{"start":{"line":63,"column":38},"end":{"line":63,"column":46}}],"line":63},"9":{"loc":{"start":{"line":65,"column":1},"end":{"line":67,"column":2}},"type":"if","locations":[{"start":{"line":65,"column":1},"end":{"line":67,"column":2}},{"start":{},"end":{}}],"line":65},"10":{"loc":{"start":{"line":72,"column":12},"end":{"line":72,"column":32}},"type":"binary-expr","locations":[{"start":{"line":72,"column":12},"end":{"line":72,"column":22}},{"start":{"line":72,"column":26},"end":{"line":72,"column":32}}],"line":72},"11":{"loc":{"start":{"line":73,"column":12},"end":{"line":73,"column":46}},"type":"binary-expr","locations":[{"start":{"line":73,"column":12},"end":{"line":73,"column":20}},{"start":{"line":73,"column":24},"end":{"line":73,"column":37}},{"start":{"line":73,"column":41},"end":{"line":73,"column":46}}],"line":73},"12":{"loc":{"start":{"line":80,"column":25},"end":{"line":80,"column":47}},"type":"binary-expr","locations":[{"start":{"line":80,"column":25},"end":{"line":80,"column":34}},{"start":{"line":80,"column":38},"end":{"line":80,"column":47}}],"line":80},"13":{"loc":{"start":{"line":88,"column":19},"end":{"line":88,"column":62}},"type":"binary-expr","locations":[{"start":{"line":88,"column":19},"end":{"line":88,"column":38}},{"start":{"line":88,"column":42},"end":{"line":88,"column":62}}],"line":88},"14":{"loc":{"start":{"line":89,"column":16},"end":{"line":89,"column":53}},"type":"binary-expr","locations":[{"start":{"line":89,"column":16},"end":{"line":89,"column":32}},{"start":{"line":89,"column":36},"end":{"line":89,"column":53}}],"line":89},"15":{"loc":{"start":{"line":91,"column":1},"end":{"line":93,"column":2}},"type":"if","locations":[{"start":{"line":91,"column":1},"end":{"line":93,"column":2}},{"start":{},"end":{}}],"line":91},"16":{"loc":{"start":{"line":91,"column":5},"end":{"line":91,"column":26}},"type":"binary-expr","locations":[{"start":{"line":91,"column":5},"end":{"line":91,"column":15}},{"start":{"line":91,"column":19},"end":{"line":91,"column":26}}],"line":91},"17":{"loc":{"start":{"line":95,"column":1},"end":{"line":97,"column":2}},"type":"if","locations":[{"start":{"line":95,"column":1},"end":{"line":97,"column":2}},{"start":{},"end":{}}],"line":95},"18":{"loc":{"start":{"line":101,"column":10},"end":{"line":101,"column":46}},"type":"cond-expr","locations":[{"start":{"line":101,"column":34},"end":{"line":101,"column":35}},{"start":{"line":101,"column":38},"end":{"line":101,"column":46}}],"line":101},"19":{"loc":{"start":{"line":106,"column":23},"end":{"line":106,"column":45}},"type":"binary-expr","locations":[{"start":{"line":106,"column":23},"end":{"line":106,"column":32}},{"start":{"line":106,"column":36},"end":{"line":106,"column":45}}],"line":106},"20":{"loc":{"start":{"line":115,"column":1},"end":{"line":117,"column":2}},"type":"if","locations":[{"start":{"line":115,"column":1},"end":{"line":117,"column":2}},{"start":{},"end":{}}],"line":115},"21":{"loc":{"start":{"line":123,"column":2},"end":{"line":136,"column":3}},"type":"if","locations":[{"start":{"line":123,"column":2},"end":{"line":136,"column":3}},{"start":{},"end":{}}],"line":123},"22":{"loc":{"start":{"line":128,"column":17},"end":{"line":128,"column":39}},"type":"binary-expr","locations":[{"start":{"line":128,"column":17},"end":{"line":128,"column":26}},{"start":{"line":128,"column":30},"end":{"line":128,"column":39}}],"line":128},"23":{"loc":{"start":{"line":134,"column":25},"end":{"line":134,"column":44}},"type":"binary-expr","locations":[{"start":{"line":134,"column":25},"end":{"line":134,"column":38}},{"start":{"line":134,"column":42},"end":{"line":134,"column":44}}],"line":134},"24":{"loc":{"start":{"line":145,"column":1},"end":{"line":147,"column":2}},"type":"if","locations":[{"start":{"line":145,"column":1},"end":{"line":147,"column":2}},{"start":{},"end":{}}],"line":145}},"s":{"0":1,"1":1,"2":1,"3":1,"4":1,"5":29,"6":16,"7":16,"8":7,"9":0,"10":7,"11":12,"12":0,"13":12,"14":7,"15":7,"16":5,"17":5,"18":5,"19":2,"20":3,"21":1,"22":30,"23":30,"24":2,"25":28,"26":32,"27":28,"28":1,"29":27,"30":19,"31":27,"32":8,"33":27,"34":1,"35":26,"36":59,"37":26,"38":26,"39":26,"40":26,"41":1,"42":6,"43":6,"44":6,"45":2,"46":4,"47":1,"48":3,"49":3,"50":3,"51":3,"52":3,"53":3,"54":1,"55":8,"56":8,"57":1,"58":7,"59":7,"60":7,"61":10,"62":7,"63":6,"64":6,"65":7,"66":6,"67":1,"68":1,"69":4,"70":4,"71":1,"72":3,"73":9,"74":3,"75":1},"f":{"0":29,"1":16,"2":7,"3":12,"4":7,"5":5,"6":30,"7":32,"8":8,"9":59,"10":6,"11":3,"12":3,"13":8,"14":10,"15":7,"16":4,"17":9},"b":{"0":[0,7],"1":[0,12],"2":[2,3],"3":[2,28],"4":[30,29],"5":[1,27],"6":[28,28],"7":[19,8],"8":[0,8],"9":[1,26],"10":[26,0],"11":[26,11,0],"12":[26,0],"13":[6,1],"14":[6,1],"15":[2,4],"16":[6,5],"17":[1,3],"18":[0,3],"19":[3,0],"20":[1,7],"21":[6,1],"22":[6,0],"23":[6,0],"24":[1,3]},"_coverageSchema":"1a1c01bbd47fc00a2c39e90264f33305004495a9","hash":"dfe976bbe047948214c6228d7da92a83e1c6c081"}
}
