TN:
SF:server.js
FN:22,(anonymous_0)
FNF:1
FNH:0
FNDA:0,(anonymous_0)
DA:1,1
DA:2,1
DA:4,1
DA:5,1
DA:7,1
DA:9,1
DA:10,1
DA:12,1
DA:13,1
DA:19,1
DA:21,1
DA:22,0
DA:23,0
DA:27,1
LF:14
LH:12
BRDA:19,0,0,1
BRDA:19,0,1,1
BRDA:21,1,0,0
BRDA:21,1,1,1
BRF:4
BRH:3
end_of_record
TN:
SF:store.js
FNF:0
FNH:0
DA:4,1
DA:44,1
LF:2
LH:2
BRF:0
BRH:0
end_of_record
TN:
SF:routes/admin.js
FN:9,calcEffectiveScore
FN:14,getQueueForService
FN:16,(anonymous_2)
FN:29,getSortedQueue
FN:31,(anonymous_4)
FN:41,(anonymous_5)
FN:45,(anonymous_6)
FN:46,(anonymous_7)
FN:49,(anonymous_8)
FN:66,(anonymous_9)
FN:72,(anonymous_10)
FN:73,(anonymous_11)
FNF:12
FNH:0
FNDA:0,calcEffectiveScore
FNDA:0,getQueueForService
FNDA:0,(anonymous_2)
FNDA:0,getSortedQueue
FNDA:0,(anonymous_4)
FNDA:0,(anonymous_5)
FNDA:0,(anonymous_6)
FNDA:0,(anonymous_7)
FNDA:0,(anonymous_8)
FNDA:0,(anonymous_9)
FNDA:0,(anonymous_10)
FNDA:0,(anonymous_11)
DA:1,1
DA:2,1
DA:4,1
DA:6,1
DA:7,1
DA:10,0
DA:11,0
DA:15,0
DA:16,0
DA:17,0
DA:18,0
DA:25,0
DA:30,0
DA:31,0
DA:32,0
DA:33,0
DA:34,0
DA:35,0
DA:41,1
DA:42,0
DA:43,0
DA:45,0
DA:46,0
DA:47,0
DA:49,0
DA:50,0
DA:51,0
DA:52,0
DA:55,0
DA:66,1
DA:67,0
DA:72,1
DA:73,0
DA:74,0
DA:77,0
DA:80,1
LF:36
LH:9
BRDA:15,0,0,0
BRDA:15,0,1,0
BRDA:17,1,0,0
BRDA:17,1,1,0
BRDA:34,2,0,0
BRDA:34,2,1,0
BRF:6
BRH:0
end_of_record
TN:
SF:routes/queue.js
FN:9,addNotif
FN:17,calcEffectiveScore
FN:22,getQueueForService
FN:24,(anonymous_3)
FN:37,getSortedQueue
FN:39,(anonymous_5)
FN:48,(anonymous_6)
FN:55,(anonymous_7)
FN:63,(anonymous_8)
FN:69,(anonymous_9)
FN:87,(anonymous_10)
FN:99,(anonymous_11)
FN:101,(anonymous_12)
FN:113,(anonymous_13)
FN:121,(anonymous_14)
FN:125,(anonymous_15)
FN:143,(anonymous_16)
FN:149,(anonymous_17)
FNF:18
FNH:18
FNDA:29,addNotif
FNDA:16,calcEffectiveScore
FNDA:7,getQueueForService
FNDA:12,(anonymous_3)
FNDA:7,getSortedQueue
FNDA:5,(anonymous_5)
FNDA:30,(anonymous_6)
FNDA:32,(anonymous_7)
FNDA:8,(anonymous_8)
FNDA:59,(anonymous_9)
FNDA:6,(anonymous_10)
FNDA:3,(anonymous_11)
FNDA:3,(anonymous_12)
FNDA:8,(anonymous_13)
FNDA:10,(anonymous_14)
FNDA:7,(anonymous_15)
FNDA:4,(anonymous_16)
FNDA:9,(anonymous_17)
DA:1,1
DA:2,1
DA:4,1
DA:6,1
DA:7,1
DA:10,29
DA:18,16
DA:19,16
DA:23,7
DA:24,7
DA:25,12
DA:26,0
DA:33,12
DA:38,7
DA:39,7
DA:40,5
DA:41,5
DA:42,5
DA:43,3
DA:48,1
DA:49,30
DA:51,30
DA:52,2
DA:55,32
DA:56,28
DA:57,1
DA:60,27
DA:62,27
DA:63,8
DA:65,27
DA:66,1
DA:69,59
DA:70,26
DA:77,26
DA:78,26
DA:83,26
DA:87,1
DA:88,6
DA:89,6
DA:91,6
DA:92,2
DA:95,4
DA:96,1
DA:99,3
DA:100,3
DA:101,3
DA:104,3
DA:109,3
DA:113,1
DA:114,8
DA:115,8
DA:116,1
DA:119,7
DA:120,7
DA:121,10
DA:123,7
DA:124,6
DA:125,7
DA:126,6
DA:139,1
DA:143,1
DA:144,4
DA:145,4
DA:146,1
DA:149,9
DA:150,3
DA:153,1
LF:67
LH:66
BRDA:23,0,0,0
BRDA:23,0,1,7
BRDA:25,1,0,0
BRDA:25,1,1,12
BRDA:42,2,0,2
BRDA:42,2,1,3
BRDA:51,3,0,2
BRDA:51,3,1,28
BRDA:51,4,0,30
BRDA:51,4,1,29
BRDA:56,5,0,1
BRDA:56,5,1,27
BRDA:56,6,0,28
BRDA:56,6,1,28
BRDA:60,7,0,19
BRDA:60,7,1,8
BRDA:63,8,0,0
BRDA:63,8,1,8
BRDA:65,9,0,1
BRDA:65,9,1,26
BRDA:72,10,0,26
BRDA:72,10,1,0
BRDA:73,11,0,26
BRDA:73,11,1,11
BRDA:73,11,2,0
BRDA:80,12,0,26
BRDA:80,12,1,0
BRDA:88,13,0,6
BRDA:88,13,1,1
BRDA:89,14,0,6
BRDA:89,14,1,1
BRDA:91,15,0,2
BRDA:91,15,1,4
BRDA:91,16,0,6
BRDA:91,16,1,5
BRDA:95,17,0,1
BRDA:95,17,1,3
BRDA:101,18,0,0
BRDA:101,18,1,3
BRDA:106,19,0,3
BRDA:106,19,1,0
BRDA:115,20,0,1
BRDA:115,20,1,7
BRDA:123,21,0,6
BRDA:123,21,1,1
BRDA:128,22,0,6
BRDA:128,22,1,0
BRDA:134,23,0,6
BRDA:134,23,1,0
BRDA:145,24,0,1
BRDA:145,24,1,3
BRF:51
BRH:41
end_of_record
